# JRE version: OpenJDK Runtime Environment (17.0.7) (build 17.0.7+0-b2043.56-10550314)
# Java VM: OpenJDK 64-Bit Server VM (17.0.7+0-b2043.56-10550314, mixed mode, tiered, compressed oops, compressed class ptrs, g1 gc, windows-amd64)
GC Precious Log:
 CPUs: 12 total, 12 available
 Memory: 7520M
 Large Page Support: Disabled
 NUMA Support: Disabled
 Compressed Oops: Enabled (32-bit)
 Heap Region Size: 1M
 Heap Min Capacity: 8M
 Heap Initial Capacity: 118M
 Heap Max Capacity: 2G
 Pre-touch: Disabled
 Parallel Workers: 10
 Concurrent Workers: 3
 Concurrent Refinement Workers: 10
 Periodic GC: Disabled
Heap:
 garbage-first heap   total 557056K, used 330775K [0x0000000080000000, 0x0000000100000000)
  region size 1024K, 73 young (74752K), 3 survivors (3072K)
 Metaspace       used 186387K, committed 187328K, reserved 1245184K
  class space    used 24008K, committed 24512K, reserved 1048576K
GC Heap History (20 events):
Event: 14.831 GC heap before
{Heap before GC invocations=42 (full 0):
 garbage-first heap   total 557056K, used 371956K [0x0000000080000000, 0x0000000100000000)
  region size 1024K, 213 young (218112K), 5 survivors (5120K)
 Metaspace       used 122099K, committed 122880K, reserved 1179648K
  class space    used 16292K, committed 16640K, reserved 1048576K
}
Event: 14.843 GC heap after
{Heap after GC invocations=43 (full 0):
 garbage-first heap   total 557056K, used 172146K [0x0000000080000000, 0x0000000100000000)
  region size 1024K, 19 young (19456K), 19 survivors (19456K)
 Metaspace       used 122099K, committed 122880K, reserved 1179648K
  class space    used 16292K, committed 16640K, reserved 1048576K
}
Event: 17.513 GC heap before
{Heap before GC invocations=43 (full 0):
 garbage-first heap   total 557056K, used 403570K [0x0000000080000000, 0x0000000100000000)
  region size 1024K, 245 young (250880K), 19 survivors (19456K)
 Metaspace       used 145678K, committed 146560K, reserved 1179648K
  class space    used 18865K, committed 19264K, reserved 1048576K
}
Event: 17.534 GC heap after
{Heap after GC invocations=44 (full 0):
 garbage-first heap   total 557056K, used 183828K [0x0000000080000000, 0x0000000100000000)
  region size 1024K, 26 young (26624K), 26 survivors (26624K)
 Metaspace       used 145678K, committed 146560K, reserved 1179648K
  class space    used 18865K, committed 19264K, reserved 1048576K
}
Event: 21.028 GC heap before
{Heap before GC invocations=44 (full 0):
 garbage-first heap   total 557056K, used 455188K [0x0000000080000000, 0x0000000100000000)
  region size 1024K, 261 young (267264K), 26 survivors (26624K)
 Metaspace       used 159502K, committed 160448K, reserved 1245184K
  class space    used 20928K, committed 21376K, reserved 1048576K
}
Event: 21.055 GC heap after
{Heap after GC invocations=45 (full 0):
 garbage-first heap   total 557056K, used 229439K [0x0000000080000000, 0x0000000100000000)
  region size 1024K, 33 young (33792K), 33 survivors (33792K)
 Metaspace       used 159502K, committed 160448K, reserved 1245184K
  class space    used 20928K, committed 21376K, reserved 1048576K
}
Event: 25.931 GC heap before
{Heap before GC invocations=45 (full 0):
 garbage-first heap   total 557056K, used 429119K [0x0000000080000000, 0x0000000100000000)
  region size 1024K, 228 young (233472K), 33 survivors (33792K)
 Metaspace       used 159524K, committed 160448K, reserved 1245184K
  class space    used 20928K, committed 21376K, reserved 1048576K
}
Event: 25.961 GC heap after
{Heap after GC invocations=46 (full 0):
 garbage-first heap   total 557056K, used 242023K [0x0000000080000000, 0x0000000100000000)
  region size 1024K, 11 young (11264K), 11 survivors (11264K)
 Metaspace       used 159524K, committed 160448K, reserved 1245184K
  class space    used 20928K, committed 21376K, reserved 1048576K
}
Event: 28.379 GC heap before
{Heap before GC invocations=46 (full 0):
 garbage-first heap   total 557056K, used 447847K [0x0000000080000000, 0x0000000100000000)
  region size 1024K, 196 young (200704K), 11 survivors (11264K)
 Metaspace       used 168812K, committed 169728K, reserved 1245184K
  class space    used 22146K, committed 22592K, reserved 1048576K
}
Event: 28.391 GC heap after
{Heap after GC invocations=47 (full 0):
 garbage-first heap   total 557056K, used 255130K [0x0000000080000000, 0x0000000100000000)
  region size 1024K, 24 young (24576K), 24 survivors (24576K)
 Metaspace       used 168812K, committed 169728K, reserved 1245184K
  class space    used 22146K, committed 22592K, reserved 1048576K
}
Event: 32.435 GC heap before
{Heap before GC invocations=48 (full 0):
 garbage-first heap   total 557056K, used 442522K [0x0000000080000000, 0x0000000100000000)
  region size 1024K, 209 young (214016K), 24 survivors (24576K)
 Metaspace       used 178983K, committed 180096K, reserved 1245184K
  class space    used 23386K, committed 23936K, reserved 1048576K
}
Event: 32.453 GC heap after
{Heap after GC invocations=49 (full 0):
 garbage-first heap   total 557056K, used 270203K [0x0000000080000000, 0x0000000100000000)
  region size 1024K, 17 young (17408K), 17 survivors (17408K)
 Metaspace       used 178983K, committed 180096K, reserved 1245184K
  class space    used 23386K, committed 23936K, reserved 1048576K
}
Event: 32.586 GC heap before
{Heap before GC invocations=49 (full 0):
 garbage-first heap   total 557056K, used 279419K [0x0000000080000000, 0x0000000100000000)
  region size 1024K, 27 young (27648K), 17 survivors (17408K)
 Metaspace       used 180394K, committed 181568K, reserved 1245184K
  class space    used 23585K, committed 24192K, reserved 1048576K
}
Event: 32.595 GC heap after
{Heap after GC invocations=50 (full 0):
 garbage-first heap   total 557056K, used 268719K [0x0000000080000000, 0x0000000100000000)
  region size 1024K, 4 young (4096K), 4 survivors (4096K)
 Metaspace       used 180394K, committed 181568K, reserved 1245184K
  class space    used 23585K, committed 24192K, reserved 1048576K
}
Event: 5870.412 GC heap before
{Heap before GC invocations=50 (full 0):
 garbage-first heap   total 557056K, used 446895K [0x0000000080000000, 0x0000000100000000)
  region size 1024K, 179 young (183296K), 4 survivors (4096K)
 Metaspace       used 185085K, committed 186304K, reserved 1245184K
  class space    used 23970K, committed 24576K, reserved 1048576K
}
Event: 5870.846 GC heap after
{Heap after GC invocations=51 (full 0):
 garbage-first heap   total 557056K, used 267457K [0x0000000080000000, 0x0000000100000000)
  region size 1024K, 3 young (3072K), 3 survivors (3072K)
 Metaspace       used 185085K, committed 186304K, reserved 1245184K
  class space    used 23970K, committed 24576K, reserved 1048576K
}
Event: 5878.570 GC heap before
{Heap before GC invocations=52 (full 0):
 garbage-first heap   total 557056K, used 317633K [0x0000000080000000, 0x0000000100000000)
  region size 1024K, 53 young (54272K), 3 survivors (3072K)
 Metaspace       used 184657K, committed 186048K, reserved 1245184K
  class space    used 23782K, committed 24448K, reserved 1048576K
}
Event: 5878.642 GC heap after
{Heap after GC invocations=53 (full 0):
 garbage-first heap   total 557056K, used 272973K [0x0000000080000000, 0x0000000100000000)
  region size 1024K, 7 young (7168K), 7 survivors (7168K)
 Metaspace       used 184657K, committed 186048K, reserved 1245184K
  class space    used 23782K, committed 24448K, reserved 1048576K
}
Event: 5879.055 GC heap before
{Heap before GC invocations=53 (full 0):
 garbage-first heap   total 557056K, used 293453K [0x0000000080000000, 0x0000000100000000)
  region size 1024K, 27 young (27648K), 7 survivors (7168K)
 Metaspace       used 185485K, committed 186496K, reserved 1245184K
  class space    used 23893K, committed 24448K, reserved 1048576K
}
Event: 5879.135 GC heap after
{Heap after GC invocations=54 (full 0):
 garbage-first heap   total 557056K, used 260119K [0x0000000080000000, 0x0000000100000000)
  region size 1024K, 3 young (3072K), 3 survivors (3072K)
 Metaspace       used 185485K, committed 186496K, reserved 1245184K
  class space    used 23893K, committed 24448K, reserved 1048576K
}

